

Method in Phase 4.


Method in Phase 4.


Method in Phase 4.


Method in Phase 4.


Method in Phase 4.


Method in Phase 4.


Method in Phase 4.


Method in Phase 4.


Method in Phase 4.


Method in Phase 4.


Method in Phase 4.


Method in Phase 4.


Method in Phase 4.


Method in Phase 4.


Method in Phase 4.


Method in Phase 4.


Method in Phase 4.


method skipped


Method in Phase 4.


method skipped


Method in Phase 4.


method skipped


Method in Phase 4.


method skipped


Method in Phase 4.


method skipped


method skipped


Method in Phase 4.


method skipped


method skipped


method skipped


method skipped


Method in Phase 4.


Method in Phase 4.


Method in Phase 4.


Method in Phase 4.


method skipped


Method in Phase 4.


method skipped


method skipped


method skipped


method skipped


Method in Phase 4.


Method in Phase 4.


Method in Phase 4.


Method in Phase 4.


method skipped


Method in Phase 4.


method skipped


method skipped


method skipped


method skipped


Method in Phase 4.


Method in Phase 4.


Method in Phase 4.


Method in Phase 4.


method skipped


Method in Phase 4.


method skipped


method skipped


method skipped


method skipped


Method in Phase 4.


Method in Phase 4.


Method in Phase 4.


Method in Phase 4.


method skipped


Method in Phase 4.


method skipped


method skipped


method skipped


method skipped


Method in Phase 4.


Method in Phase 4.


Method in Phase 4.


Method in Phase 4.


method skipped


method skipped


method skipped


method skipped


Method in Phase 4.


Method in Phase 4.


Method in Phase 4.


method skipped


Method in Phase 4.


method skipped


Method in Phase 4.


method skipped


Method in Phase 4.


method skipped


Method in Phase 4.


method skipped


method skipped


method skipped


method skipped


Method in Phase 4.


Method in Phase 4.


Method in Phase 4.


Method in Phase 4.


method skipped


Method in Phase 4.


method skipped


method skipped


method skipped


method skipped


method skipped


method skipped


method skipped


method skipped


Method in Phase 4.


Method in Phase 4.


Method in Phase 4.


method skipped


method skipped


method skipped


method skipped


method skipped


method skipped


method skipped


Method in Phase 4.


Method in Phase 4.


Method in Phase 4.


method skipped


Method in Phase 4.


method skipped


Method in Phase 4.


method skipped


Method in Phase 4.


method skipped


Method in Phase 4.


method skipped


method skipped


method skipped


method skipped


Method in Phase 4.


Method in Phase 4.


Method in Phase 4.


Method in Phase 4.


method skipped


Method in Phase 4.


method skipped


Method in Phase 4.


method skipped


Method in Phase 4.


method skipped


Method in Phase 4.


method skipped


Method in Phase 4.


method skipped


Method in Phase 4.


method skipped


Method in Phase 4.


method skipped


Method in Phase 4.


method skipped


Method in Phase 4.


method skipped


Method in Phase 4.


method skipped


Method in Phase 4.


method skipped


Method in Phase 4.


method skipped


Method in Phase 4.


method skipped


method skipped


method skipped


method skipped


Method in Phase 4.


Method in Phase 4.


Method in Phase 4.


Method in Phase 4.


Method in Phase 4.


Method in Phase 4.


Method in Phase 4.


Method in Phase 4.


Method in Phase 4.


Method in Phase 4.


Method in Phase 4.


Method in Phase 4.


Method in Phase 4.


Method in Phase 4.


Method in Phase 4.


Method in Phase 4.


Method in Phase 4.


Method in Phase 4.


Method in Phase 4.


Method in Phase 4.


Method in Phase 4.


Method in Phase 4.


Method in Phase 4.


Method in Phase 4.


Method in Phase 4.


Method in Phase 4.


Method in Phase 4.


Method in Phase 4.


Method in Phase 4.


Method in Phase 4.


Method in Phase 4.


Method in Phase 4.


Method in Phase 4.


Method in Phase 4.


Method in Phase 4.


Method in Phase 4.


Method in Phase 4.


Method in Phase 4.


Method in Phase 4.


Method in Phase 4.


Method in Phase 4.


Method in Phase 4.


Method in Phase 4.


Method in Phase 4.


Method in Phase 4.


Method in Phase 4.


Method in Phase 4.


Method in Phase 4.


Method in Phase 4.


Method in Phase 4.


Method in Phase 4.


Method in Phase 4.


Method in Phase 4.


Method in Phase 4.


Method in Phase 4.


Method in Phase 4.


Method in Phase 4.


Method in Phase 4.


Method in Phase 4.


Method in Phase 4.


Method in Phase 4.


Method in Phase 4.


Method in Phase 4.


Method in Phase 4.


Method in Phase 4.


Method in Phase 4.


Method in Phase 4.


Method in Phase 4.


Method in Phase 4.


Method in Phase 4.


Method in Phase 4.


tttttttttD:\hovno NPS\nps-reconciliation\chromedriver.exe
==============================================================================
Tasks :: Template robot main suite.                                           
==============================================================================
RPA Task                                                              

D:\hovno NPS\nps-reconciliation\output\source
| FAIL |
ProtocolError: ('Connection aborted.', ConnectionResetError(10054, 'An existing connection was forcibly closed by the remote host', None, 10054, None))
------------------------------------------------------------------------------
Tasks :: Template robot main suite.                                   | FAIL |
1 task, 0 passed, 1 failed
==============================================================================
Output:  D:\hovno NPS\nps-reconciliation\output\output.xml
Log:     D:\hovno NPS\nps-reconciliation\output\log.html
